<?xml version="1.0" encoding="UTF-8"?>
<testng-results skipped="0" failed="0" total="2" passed="2">
  <reporter-output>
  </reporter-output>
  <suite name="Suite" duration-ms="35" started-at="2019-11-09T01:42:08Z" finished-at="2019-11-09T01:42:08Z">
    <groups>
    </groups>
    <test name="Test" duration-ms="35" started-at="2019-11-09T01:42:08Z" finished-at="2019-11-09T01:42:08Z">
      <class name="Cucumber.Anand.SeleniumTest">
        <test-method status="PASS" signature="BrowserAUtomation()[pri:0, instance:Cucumber.Anand.SeleniumTest@39fb3ab6]" name="BrowserAUtomation" duration-ms="4" started-at="2019-11-09T07:12:08Z" finished-at="2019-11-09T07:12:08Z">
          <reporter-output>
          </reporter-output>
        </test-method> <!-- BrowserAUtomation -->
        <test-method status="PASS" signature="elementsUi()[pri:0, instance:Cucumber.Anand.SeleniumTest@39fb3ab6]" name="elementsUi" duration-ms="0" started-at="2019-11-09T07:12:08Z" finished-at="2019-11-09T07:12:08Z">
          <reporter-output>
          </reporter-output>
        </test-method> <!-- elementsUi -->
      </class> <!-- Cucumber.Anand.SeleniumTest -->
    </test> <!-- Test -->
  </suite> <!-- Suite -->
</testng-results>
